2026-02-22 20:26:18.619 [info] Extension host with pid 3085 started
2026-02-22 20:26:18.623 [error] Error: EEXIST: file already exists, open '/config/data/User/workspaceStorage/668e306/vscode.lock'
2026-02-22 20:26:18.647 [info] Lock '/config/data/User/workspaceStorage/668e306/vscode.lock': Could not acquire lock, checking if the file is stale.
2026-02-22 20:26:18.674 [info] Lock '/config/data/User/workspaceStorage/668e306/vscode.lock': The lock does not look stale, elapsed: 1674 ms, giving up.
2026-02-22 20:26:19.256 [info] ExtensionService#_doActivateExtension vscode.github-authentication, startup: false, activationEvent: 'onAuthenticationRequest:github'
2026-02-22 20:26:19.263 [info] ExtensionService#_doActivateExtension vscode.emmet, startup: false, activationEvent: 'onLanguage'
2026-02-22 20:26:20.221 [error] Error: connect ENOENT /config/data/code-server-ipc.sock
	at PipeConnectWrap.afterConnect [as oncomplete] (node:net:1637:16)
2026-02-22 20:26:20.287 [info] ExtensionService#_doActivateExtension vscode.git-base, startup: true, activationEvent: '*', root cause: vscode.git
2026-02-22 20:26:20.400 [info] Lock '/config/data/User/workspaceStorage/668e306-1/vscode.lock': Lock acquired.
2026-02-22 20:26:21.203 [info] ExtensionService#_doActivateExtension vscode.git, startup: true, activationEvent: '*'
2026-02-22 20:26:21.208 [info] ExtensionService#_doActivateExtension vscode.github, startup: true, activationEvent: '*'
2026-02-22 20:26:22.570 [info] Eager extensions activated
2026-02-22 20:26:22.573 [info] ExtensionService#_doActivateExtension vscode.debug-auto-launch, startup: false, activationEvent: 'onStartupFinished'
2026-02-22 20:26:22.597 [info] ExtensionService#_doActivateExtension vscode.merge-conflict, startup: false, activationEvent: 'onStartupFinished'
2026-02-22 20:26:30.590 [info] ExtensionService#_doActivateExtension vscode.terminal-suggest, startup: false, activationEvent: 'onTerminalShellIntegration:*'
2026-02-22 20:26:53.222 [info] ExtensionService#_doActivateExtension vscode.npm, startup: false, activationEvent: 'onTerminalQuickFixRequest:ms-vscode.npm-command'
2026-02-22 21:07:12.864 [info] Extension host terminating: received terminate message from renderer
2026-02-22 21:07:12.874 [info] Lock '/config/data/User/workspaceStorage/668e306-1/vscode.lock': Marking the lockfile as scheduled to be released in 6000 ms.
2026-02-22 21:07:13.474 [info] Extension host with pid 3085 exiting with code 0
