2026-02-22 20:25:01.593 [info] Extension host with pid 875 started
2026-02-22 20:25:01.719 [info] Lock '/config/data/User/workspaceStorage/668e306/vscode.lock': Lock acquired.
2026-02-22 20:25:02.166 [info] ExtensionService#_doActivateExtension vscode.github-authentication, startup: false, activationEvent: 'onAuthenticationRequest:github'
2026-02-22 20:25:02.173 [info] ExtensionService#_doActivateExtension vscode.emmet, startup: false, activationEvent: 'onLanguage'
2026-02-22 20:25:02.177 [info] ExtensionService#_doActivateExtension vscode.configuration-editing, startup: false, activationEvent: 'onLanguage:json'
2026-02-22 20:25:02.186 [info] ExtensionService#_doActivateExtension vscode.extension-editing, startup: false, activationEvent: 'onLanguage:json'
2026-02-22 20:25:02.190 [info] ExtensionService#_doActivateExtension vscode.json-language-features, startup: false, activationEvent: 'onLanguage:json'
2026-02-22 20:25:02.191 [info] ExtensionService#_doActivateExtension vscode.npm, startup: false, activationEvent: 'onLanguage:json'
2026-02-22 20:25:03.564 [error] Error: connect ENOENT /config/data/code-server-ipc.sock
	at PipeConnectWrap.afterConnect [as oncomplete] (node:net:1637:16)
2026-02-22 20:25:03.579 [info] ExtensionService#_doActivateExtension vscode.git-base, startup: true, activationEvent: '*', root cause: vscode.git
2026-02-22 20:25:03.806 [info] ExtensionService#_doActivateExtension vscode.git, startup: true, activationEvent: '*'
2026-02-22 20:25:03.810 [info] ExtensionService#_doActivateExtension vscode.github, startup: true, activationEvent: '*'
2026-02-22 20:25:05.122 [info] Eager extensions activated
2026-02-22 20:25:05.123 [info] ExtensionService#_doActivateExtension vscode.debug-auto-launch, startup: false, activationEvent: 'onStartupFinished'
2026-02-22 20:25:05.126 [info] ExtensionService#_doActivateExtension vscode.merge-conflict, startup: false, activationEvent: 'onStartupFinished'
2026-02-22 20:25:12.430 [info] ExtensionService#_doActivateExtension ms-vscode.js-debug, startup: false, activationEvent: 'onDebugInitialConfigurations'
2026-02-22 20:25:13.680 [info] Extension host terminating: received terminate message from renderer
2026-02-22 20:25:13.682 [info] Lock '/config/data/User/workspaceStorage/668e306/vscode.lock': Marking the lockfile as scheduled to be released in 6000 ms.
2026-02-22 20:25:15.022 [error] Error: connect ENOENT /config/data/code-server-ipc.sock
	at PipeConnectWrap.afterConnect [as oncomplete] (node:net:1637:16)
2026-02-22 20:25:15.030 [error] Error: connect ENOENT /config/data/code-server-ipc.sock
	at PipeConnectWrap.afterConnect [as oncomplete] (node:net:1637:16)
2026-02-22 20:25:15.042 [info] Extension host with pid 875 exiting with code 0
