2026-02-22 20:26:23.224 [info] [main] Log level: Info
2026-02-22 20:26:23.226 [info] [main] Validating found git in: "git"
2026-02-22 20:26:23.226 [info] [main] Using git "2.43.0" from "git"
2026-02-22 20:26:23.227 [info] [Model][doInitialScan] Initial repository scan started
2026-02-22 20:26:23.228 [info] > git rev-parse --show-toplevel [324ms]
2026-02-22 20:26:23.285 [info] > git rev-parse --git-dir --git-common-dir --show-superproject-working-tree [86ms]
2026-02-22 20:26:23.403 [info] [Model][openRepository] Opened repository (path): /config/workspace
2026-02-22 20:26:23.404 [info] [Model][openRepository] Opened repository (real path): /config/workspace
2026-02-22 20:26:23.405 [info] [Model][openRepository] Opened repository (kind): repository
2026-02-22 20:26:23.515 [info] > git config --get commit.template [80ms]
2026-02-22 20:26:23.537 [info] > git rev-parse --show-toplevel [88ms]
2026-02-22 20:26:23.616 [info] > git rev-parse --show-toplevel [51ms]
2026-02-22 20:26:23.694 [info] > git rev-parse --show-toplevel [63ms]
2026-02-22 20:26:23.751 [info] > git rev-parse --show-toplevel [46ms]
2026-02-22 20:26:23.810 [info] > git for-each-ref --format=%(refname)%00%(upstream:short)%00%(objectname)%00%(upstream:track)%00%(upstream:remotename)%00%(upstream:remoteref) refs/heads/main refs/remotes/main [332ms]
2026-02-22 20:26:23.858 [info] > git rev-parse --show-toplevel [94ms]
2026-02-22 20:26:23.953 [info] > git check-ignore -v -z --stdin [147ms]
2026-02-22 20:26:23.979 [info] > git rev-parse --show-toplevel [101ms]
2026-02-22 20:26:24.001 [info] [Model][doInitialScan] Initial repository scan completed - repositories (1), closed repositories (0), parent repositories (0), unsafe repositories (0)
2026-02-22 20:26:24.191 [info] > git ls-files --stage -- cpp/ejemplos/hola_mundo.cpp [148ms]
2026-02-22 20:26:24.276 [info] > git check-ignore -v -z --stdin [184ms]
2026-02-22 20:26:24.329 [info] > git for-each-ref --sort -committerdate --format %(refname)%00%(objectname)%00%(*objectname) [477ms]
2026-02-22 20:26:24.370 [info] > git show --textconv :cpp/ejemplos/hola_mundo.cpp [345ms]
2026-02-22 20:26:24.416 [info] > git cat-file -s d897aad82f33167d69c8043b4f8ca901f514c7e8 [210ms]
2026-02-22 20:26:24.882 [info] > git blame --root --incremental 05820378066a9f77df3556e9906a25f2a43138f0 -- cpp/ejemplos/hola_mundo.cpp [405ms]
2026-02-22 20:26:25.683 [info] > git status -z -uall [1842ms]
2026-02-22 20:26:25.841 [info] > git config --get commit.template [92ms]
2026-02-22 20:26:25.941 [info] > git for-each-ref --format=%(refname)%00%(upstream:short)%00%(objectname)%00%(upstream:track)%00%(upstream:remotename)%00%(upstream:remoteref) refs/heads/main refs/remotes/main [219ms]
2026-02-22 20:26:25.961 [info] > git for-each-ref --format=%(refname)%00%(upstream:short)%00%(objectname)%00%(upstream:track)%00%(upstream:remotename)%00%(upstream:remoteref) refs/heads/main refs/remotes/main [200ms]
2026-02-22 20:26:25.997 [info] > git config --get --local branch.main.vscode-merge-base [47ms]
2026-02-22 20:26:26.265 [info] > git for-each-ref --format=%(refname)%00%(upstream:short)%00%(objectname)%00%(upstream:track)%00%(upstream:remotename)%00%(upstream:remoteref) refs/heads/origin/main refs/remotes/origin/main [254ms]
2026-02-22 20:26:26.510 [info] > git for-each-ref --sort -committerdate --format %(refname)%00%(objectname)%00%(*objectname) [515ms]
2026-02-22 20:26:26.554 [info] > git merge-base refs/heads/main refs/remotes/origin/main [275ms]
2026-02-22 20:26:26.613 [info] > git check-ignore -v -z --stdin [104ms]
2026-02-22 20:26:26.852 [info] > git diff --raw --numstat --diff-filter=ADMR -z --find-renames=50% 05820378066a9f77df3556e9906a25f2a43138f0...refs/remotes/origin/main -- [288ms]
2026-02-22 20:26:29.416 [info] > git status -z -uall [3434ms]
2026-02-22 20:26:30.564 [info] > git check-ignore -v -z --stdin [401ms]
2026-02-22 20:26:31.969 [info] > git config --get commit.template [37ms]
2026-02-22 20:26:32.133 [info] > git for-each-ref --format=%(refname)%00%(upstream:short)%00%(objectname)%00%(upstream:track)%00%(upstream:remotename)%00%(upstream:remoteref) refs/heads/main refs/remotes/main [193ms]
2026-02-22 20:26:32.351 [info] > git for-each-ref --sort -committerdate --format %(refname)%00%(objectname)%00%(*objectname) [194ms]
2026-02-22 20:26:33.648 [info] > git status -z -uall [1499ms]
2026-02-22 20:26:34.099 [info] > git check-ignore -v -z --stdin [77ms]
2026-02-22 20:26:40.681 [info] > git config --get commit.template [33ms]
2026-02-22 20:26:40.822 [info] > git for-each-ref --format=%(refname)%00%(upstream:short)%00%(objectname)%00%(upstream:track)%00%(upstream:remotename)%00%(upstream:remoteref) refs/heads/main refs/remotes/main [168ms]
2026-02-22 20:26:40.975 [info] > git for-each-ref --sort -committerdate --format %(refname)%00%(objectname)%00%(*objectname) [139ms]
2026-02-22 20:26:41.694 [info] > git status -z -uall [862ms]
2026-02-22 20:26:42.108 [info] > git check-ignore -v -z --stdin [72ms]
2026-02-22 20:26:54.376 [info] > git config --get commit.template [27ms]
2026-02-22 20:26:54.476 [info] > git for-each-ref --format=%(refname)%00%(upstream:short)%00%(objectname)%00%(upstream:track)%00%(upstream:remotename)%00%(upstream:remoteref) refs/heads/main refs/remotes/main [122ms]
2026-02-22 20:26:54.637 [info] > git for-each-ref --sort -committerdate --format %(refname)%00%(objectname)%00%(*objectname) [147ms]
2026-02-22 20:26:55.407 [info] > git status -z -uall [921ms]
2026-02-22 20:26:55.791 [info] > git check-ignore -v -z --stdin [50ms]
2026-02-22 20:27:40.743 [info] > git config --get commit.template [41ms]
2026-02-22 20:27:40.896 [info] > git for-each-ref --format=%(refname)%00%(upstream:short)%00%(objectname)%00%(upstream:track)%00%(upstream:remotename)%00%(upstream:remoteref) refs/heads/main refs/remotes/main [185ms]
2026-02-22 20:27:40.971 [info] > git check-ignore -v -z --stdin [50ms]
2026-02-22 20:27:41.090 [info] > git for-each-ref --sort -committerdate --format %(refname)%00%(objectname)%00%(*objectname) [177ms]
2026-02-22 20:27:42.089 [info] > git status -z -uall [1181ms]
2026-02-22 20:27:42.505 [info] > git check-ignore -v -z --stdin [46ms]
2026-02-22 20:28:50.181 [info] > git config --get commit.template [75ms]
2026-02-22 20:28:50.413 [info] > git for-each-ref --format=%(refname)%00%(upstream:short)%00%(objectname)%00%(upstream:track)%00%(upstream:remotename)%00%(upstream:remoteref) refs/heads/main refs/remotes/main [282ms]
2026-02-22 20:28:50.610 [info] > git for-each-ref --sort -committerdate --format %(refname)%00%(objectname)%00%(*objectname) [176ms]
2026-02-22 20:28:51.581 [info] > git status -z -uall [1154ms]
2026-02-22 20:28:52.029 [info] > git check-ignore -v -z --stdin [96ms]
2026-02-22 20:31:34.744 [info] > git config --get commit.template [50ms]
2026-02-22 20:31:35.051 [info] > git for-each-ref --format=%(refname)%00%(upstream:short)%00%(objectname)%00%(upstream:track)%00%(upstream:remotename)%00%(upstream:remoteref) refs/heads/main refs/remotes/main [344ms]
2026-02-22 20:31:35.339 [info] > git for-each-ref --sort -committerdate --format %(refname)%00%(objectname)%00%(*objectname) [252ms]
2026-02-22 20:31:36.635 [info] > git status -z -uall [1563ms]
2026-02-22 20:31:37.152 [info] > git check-ignore -v -z --stdin [84ms]
2026-02-22 21:07:10.208 [info] > git config --get commit.template [107ms]
2026-02-22 21:07:10.547 [info] > git for-each-ref --format=%(refname)%00%(upstream:short)%00%(objectname)%00%(upstream:track)%00%(upstream:remotename)%00%(upstream:remoteref) refs/heads/main refs/remotes/main [420ms]
2026-02-22 21:07:10.910 [info] > git for-each-ref --sort -committerdate --format %(refname)%00%(objectname)%00%(*objectname) [330ms]
