[2026-02-23T02:24:23.244Z] warn  Could not create socket at /config/data/code-server-ipc.sock
[20:24:51] [172.17.0.1][c411237c][ExtensionHostConnection] Unknown reconnection token (never seen).
File not found: /app/code-server/lib/vscode/node_modules/vsda/rust/web/vsda.js
File not found: /app/code-server/lib/vscode/node_modules/vsda/rust/web/vsda_bg.wasm
File not found: /app/code-server/lib/vscode/node_modules/vsda/rust/web/vsda.js
File not found: /app/code-server/lib/vscode/node_modules/vsda/rust/web/vsda_bg.wasm
[20:25:19] [172.17.0.1][2e0059d1][ManagementConnection] Unknown reconnection token (never seen).
File not found: /app/code-server/lib/vscode/node_modules/vsda/rust/web/vsda_bg.wasm
File not found: /app/code-server/lib/vscode/node_modules/vsda/rust/web/vsda.js
[20:26:20] RequestStore#acceptReply was called without receiving a matching request 23
[20:26:20] RequestStore#acceptReply was called without receiving a matching request 24
[20:26:20] RequestStore#acceptReply was called without receiving a matching request 25
[20:26:20] RequestStore#acceptReply was called without receiving a matching request 26
[20:26:20] RequestStore#acceptReply was called without receiving a matching request 27
[20:26:20] RequestStore#acceptReply was called without receiving a matching request 28
[20:26:20] RequestStore#acceptReply was called without receiving a matching request 29
[20:26:20] RequestStore#acceptReply was called without receiving a matching request 30
[20:26:20] RequestStore#acceptReply was called without receiving a matching request 31
[20:26:20] RequestStore#acceptReply was called without receiving a matching request 32
[20:26:20] RequestStore#acceptReply was called without receiving a matching request 33
[20:26:29] RequestStore#acceptReply was called without receiving a matching request 34
[20:26:29] RequestStore#acceptReply was called without receiving a matching request 35
[20:26:29] RequestStore#acceptReply was called without receiving a matching request 36
[20:26:29] RequestStore#acceptReply was called without receiving a matching request 37
[20:26:29] RequestStore#acceptReply was called without receiving a matching request 38
[20:26:29] RequestStore#acceptReply was called without receiving a matching request 39
[20:26:29] RequestStore#acceptReply was called without receiving a matching request 40
[20:26:29] RequestStore#acceptReply was called without receiving a matching request 41
[20:26:29] RequestStore#acceptReply was called without receiving a matching request 42
[20:26:29] RequestStore#acceptReply was called without receiving a matching request 43
[20:26:29] RequestStore#acceptReply was called without receiving a matching request 44
