2026-02-22 20:25:30.775 [info] [main] Log level: Info
2026-02-22 20:25:30.778 [info] [main] Validating found git in: "git"
2026-02-22 20:25:30.779 [info] [main] Using git "2.43.0" from "git"
2026-02-22 20:25:30.779 [info] [Model][doInitialScan] Initial repository scan started
2026-02-22 20:25:30.785 [info] > git rev-parse --show-toplevel [1097ms]
2026-02-22 20:25:31.099 [info] > git rev-parse --git-dir --git-common-dir --show-superproject-working-tree [291ms]
2026-02-22 20:25:34.734 [info] [Model][openRepository] Opened repository (path): /config/workspace
2026-02-22 20:25:34.736 [info] [Model][openRepository] Opened repository (real path): /config/workspace
2026-02-22 20:25:34.737 [info] [Model][openRepository] Opened repository (kind): repository
2026-02-22 20:25:34.891 [info] > git rev-parse --show-toplevel [76ms]
2026-02-22 20:25:34.900 [info] > git config --get commit.template [74ms]
2026-02-22 20:25:35.054 [info] > git rev-parse --show-toplevel [115ms]
2026-02-22 20:25:35.142 [info] > git rev-parse --show-toplevel [74ms]
2026-02-22 20:25:35.303 [info] > git rev-parse --show-toplevel [120ms]
2026-02-22 20:25:35.363 [info] > git rev-parse --show-toplevel [46ms]
2026-02-22 20:25:35.395 [info] [Model][doInitialScan] Initial repository scan completed - repositories (1), closed repositories (0), parent repositories (0), unsafe repositories (0)
2026-02-22 20:25:35.400 [info] > git for-each-ref --format=%(refname)%00%(upstream:short)%00%(objectname)%00%(upstream:track)%00%(upstream:remotename)%00%(upstream:remoteref) refs/heads/main refs/remotes/main [544ms]
2026-02-22 20:25:35.657 [info] > git check-ignore -v -z --stdin [184ms]
2026-02-22 20:25:36.349 [info] > git for-each-ref --sort -committerdate --format %(refname)%00%(objectname)%00%(*objectname) [893ms]
2026-02-22 20:25:36.951 [info] > git check-ignore -v -z --stdin [112ms]
2026-02-22 20:25:37.856 [info] > git status -z -uall [2411ms]
2026-02-22 20:25:38.343 [info] > git config --get commit.template [139ms]
2026-02-22 20:25:38.510 [info] > git check-ignore -v -z --stdin [278ms]
2026-02-22 20:25:38.896 [info] > git for-each-ref --format=%(refname)%00%(upstream:short)%00%(objectname)%00%(upstream:track)%00%(upstream:remotename)%00%(upstream:remoteref) refs/heads/main refs/remotes/main [851ms]
2026-02-22 20:25:39.047 [info] > git config --get --local branch.main.vscode-merge-base [130ms]
2026-02-22 20:25:39.122 [info] > git for-each-ref --format=%(refname)%00%(upstream:short)%00%(objectname)%00%(upstream:track)%00%(upstream:remotename)%00%(upstream:remoteref) refs/heads/main refs/remotes/main [868ms]
2026-02-22 20:25:39.520 [info] > git check-ignore -v -z --stdin [401ms]
2026-02-22 20:25:39.706 [info] > git ls-files --stage -- cpp/ejemplos/hola_mundo.cpp [111ms]
2026-02-22 20:25:39.716 [info] > git for-each-ref --format=%(refname)%00%(upstream:short)%00%(objectname)%00%(upstream:track)%00%(upstream:remotename)%00%(upstream:remoteref) refs/heads/origin/main refs/remotes/origin/main [636ms]
2026-02-22 20:25:40.584 [info] > git for-each-ref --sort -committerdate --format %(refname)%00%(objectname)%00%(*objectname) [1336ms]
2026-02-22 20:25:40.683 [info] > git show --textconv :cpp/ejemplos/hola_mundo.cpp [1097ms]
2026-02-22 20:25:40.736 [info] > git cat-file -s d897aad82f33167d69c8043b4f8ca901f514c7e8 [1022ms]
2026-02-22 20:25:41.057 [info] > git merge-base refs/heads/main refs/remotes/origin/main [1299ms]
2026-02-22 20:25:42.552 [info] > git diff --raw --numstat --diff-filter=ADMR -z --find-renames=50% 05820378066a9f77df3556e9906a25f2a43138f0...refs/remotes/origin/main -- [1474ms]
2026-02-22 20:25:43.585 [info] > git check-ignore -v -z --stdin [886ms]
2026-02-22 20:25:45.127 [info] > git check-ignore -v -z --stdin [634ms]
2026-02-22 20:25:45.242 [info] > git blame --root --incremental 05820378066a9f77df3556e9906a25f2a43138f0 -- cpp/ejemplos/hola_mundo.cpp [4291ms]
2026-02-22 20:25:46.092 [info] > git status -z -uall [6866ms]
2026-02-22 20:25:46.863 [info] > git check-ignore -v -z --stdin [300ms]
2026-02-22 20:25:47.897 [info] > git check-ignore -v -z --stdin [107ms]
2026-02-22 20:25:48.906 [info] > git check-ignore -v -z --stdin [77ms]
2026-02-22 20:25:49.582 [info] > git check-ignore -v -z --stdin [86ms]
2026-02-22 20:33:56.871 [info] > git config --get commit.template [14ms]
2026-02-22 20:34:16.528 [info] > git for-each-ref --format=%(refname)%00%(upstream:short)%00%(objectname)%00%(upstream:track)%00%(upstream:remotename)%00%(upstream:remoteref) refs/heads/main refs/remotes/main [229ms]
2026-02-22 20:34:38.396 [info] > git for-each-ref --sort -committerdate --format %(refname)%00%(objectname)%00%(*objectname) [207ms]
2026-02-22 20:34:39.676 [info] > git status -z -uall [1497ms]
2026-02-22 20:34:48.999 [info] > git config --get commit.template [31ms]
2026-02-22 20:34:49.928 [info] > git check-ignore -v -z --stdin [47ms]
2026-02-22 20:34:54.225 [info] > git for-each-ref --format=%(refname)%00%(upstream:short)%00%(objectname)%00%(upstream:track)%00%(upstream:remotename)%00%(upstream:remoteref) refs/heads/main refs/remotes/main [349ms]
2026-02-22 20:34:57.893 [info] > git for-each-ref --sort -committerdate --format %(refname)%00%(objectname)%00%(*objectname) [249ms]
2026-02-22 20:34:59.274 [info] > git check-ignore -v -z --stdin [105ms]
2026-02-22 20:34:59.691 [info] > git status -z -uall [2055ms]
2026-02-22 20:35:01.133 [info] > git check-ignore -v -z --stdin [81ms]
2026-02-22 20:46:25.093 [info] > git config --get commit.template [150ms]
2026-02-22 20:46:25.343 [info] > git for-each-ref --format=%(refname)%00%(upstream:short)%00%(objectname)%00%(upstream:track)%00%(upstream:remotename)%00%(upstream:remoteref) refs/heads/main refs/remotes/main [379ms]
2026-02-22 20:46:25.664 [info] > git for-each-ref --sort -committerdate --format %(refname)%00%(objectname)%00%(*objectname) [290ms]
2026-02-22 20:46:27.097 [info] > git status -z -uall [1732ms]
