2026-02-22 20:25:05.445 [info] [main] Log level: Info
2026-02-22 20:25:05.447 [info] [main] Validating found git in: "git"
2026-02-22 20:25:05.447 [info] [main] Using git "2.43.0" from "git"
2026-02-22 20:25:05.448 [info] [Model][doInitialScan] Initial repository scan started
2026-02-22 20:25:05.449 [info] > git rev-parse --show-toplevel [59ms]
2026-02-22 20:25:05.449 [info] > git rev-parse --git-dir --git-common-dir --show-superproject-working-tree [88ms]
2026-02-22 20:25:05.495 [info] [Model][openRepository] Opened repository (path): /config/workspace
2026-02-22 20:25:05.496 [info] [Model][openRepository] Opened repository (real path): /config/workspace
2026-02-22 20:25:05.496 [info] [Model][openRepository] Opened repository (kind): repository
2026-02-22 20:25:05.540 [info] > git rev-parse --show-toplevel [32ms]
2026-02-22 20:25:05.554 [info] > git config --get commit.template [39ms]
2026-02-22 20:25:05.592 [info] > git rev-parse --show-toplevel [41ms]
2026-02-22 20:25:05.643 [info] > git rev-parse --show-toplevel [41ms]
2026-02-22 20:25:05.705 [info] > git rev-parse --show-toplevel [46ms]
2026-02-22 20:25:05.755 [info] > git rev-parse --show-toplevel [39ms]
2026-02-22 20:25:05.768 [info] [Model][doInitialScan] Initial repository scan completed - repositories (1), closed repositories (0), parent repositories (0), unsafe repositories (0)
2026-02-22 20:25:05.846 [info] > git for-each-ref --format=%(refname)%00%(upstream:short)%00%(objectname)%00%(upstream:track)%00%(upstream:remotename)%00%(upstream:remoteref) refs/heads/main refs/remotes/main [322ms]
2026-02-22 20:25:06.101 [info] > git for-each-ref --sort -committerdate --format %(refname)%00%(objectname)%00%(*objectname) [228ms]
2026-02-22 20:25:06.218 [info] > git check-ignore -v -z --stdin [88ms]
2026-02-22 20:25:08.266 [info] > git status -z -uall [2400ms]
2026-02-22 20:25:08.553 [info] > git config --get commit.template [44ms]
2026-02-22 20:25:08.627 [info] > git for-each-ref --format=%(refname)%00%(upstream:short)%00%(objectname)%00%(upstream:track)%00%(upstream:remotename)%00%(upstream:remoteref) refs/heads/main refs/remotes/main [223ms]
2026-02-22 20:25:08.665 [info] > git config --get --local branch.main.vscode-merge-base [31ms]
2026-02-22 20:25:08.742 [info] > git for-each-ref --format=%(refname)%00%(upstream:short)%00%(objectname)%00%(upstream:track)%00%(upstream:remotename)%00%(upstream:remoteref) refs/heads/main refs/remotes/main [221ms]
2026-02-22 20:25:08.805 [info] > git for-each-ref --format=%(refname)%00%(upstream:short)%00%(objectname)%00%(upstream:track)%00%(upstream:remotename)%00%(upstream:remoteref) refs/heads/origin/main refs/remotes/origin/main [133ms]
2026-02-22 20:25:08.988 [info] > git for-each-ref --sort -committerdate --format %(refname)%00%(objectname)%00%(*objectname) [224ms]
2026-02-22 20:25:09.027 [info] > git merge-base refs/heads/main refs/remotes/origin/main [212ms]
2026-02-22 20:25:09.258 [info] > git diff --raw --numstat --diff-filter=ADMR -z --find-renames=50% 05820378066a9f77df3556e9906a25f2a43138f0...refs/remotes/origin/main -- [221ms]
2026-02-22 20:25:09.872 [info] > git status -z -uall [1114ms]
